[0.013s] Invoking command in '/home/tobia/vsc/tello_swarm/build/custom_msgs': CMAKE_PREFIX_PATH=${CMAKE_PREFIX_PATH}:/home/tobia/vsc/tello_swarm/install/djitello:/opt/ros/jazzy DEBUGINFOD_URLS=https://debuginfod.ubuntu.com /usr/bin/cmake /home/tobia/vsc/tello_swarm/src/custom_msgs -DCMAKE_INSTALL_PREFIX=/home/tobia/vsc/tello_swarm/install/custom_msgs
[0.176s] -- The C compiler identification is GNU 13.3.0
[0.254s] -- The CXX compiler identification is GNU 13.3.0
[0.274s] -- Detecting C compiler ABI info
[0.357s] -- Detecting C compiler ABI info - done
[0.364s] -- Check for working C compiler: /usr/bin/cc - skipped
[0.365s] -- Detecting C compile features
[0.366s] -- Detecting C compile features - done
[0.374s] -- Detecting CXX compiler ABI info
[0.459s] -- Detecting CXX compiler ABI info - done
[0.466s] -- Check for working CXX compiler: /usr/bin/c++ - skipped
[0.466s] -- Detecting CXX compile features
[0.466s] -- Detecting CXX compile features - done
[0.470s] -- Found ament_cmake: 2.5.3 (/opt/ros/jazzy/share/ament_cmake/cmake)
[0.594s] -- Found Python3: /usr/bin/python3 (found version "3.12.3") found components: Interpreter 
[0.679s] -- Found ament_lint_auto: 0.17.1 (/opt/ros/jazzy/share/ament_lint_auto/cmake)
[0.757s] -- Found geometry_msgs: 5.3.5 (/opt/ros/jazzy/share/geometry_msgs/cmake)
[0.791s] -- Found rosidl_generator_c: 4.6.5 (/opt/ros/jazzy/share/rosidl_generator_c/cmake)
[0.801s] -- Found rosidl_generator_cpp: 4.6.5 (/opt/ros/jazzy/share/rosidl_generator_cpp/cmake)
[0.816s] -- Using all available rosidl_typesupport_c: rosidl_typesupport_fastrtps_c;rosidl_typesupport_introspection_c
[0.831s] -- Using all available rosidl_typesupport_cpp: rosidl_typesupport_fastrtps_cpp;rosidl_typesupport_introspection_cpp
[0.868s] -- Found rosidl_default_generators: 1.6.0 (/opt/ros/jazzy/share/rosidl_default_generators/cmake)
[0.879s] -- Found rosidl_adapter: 4.6.5 (/opt/ros/jazzy/share/rosidl_adapter/cmake)
[1.347s] -- Found ament_cmake_ros: 0.12.0 (/opt/ros/jazzy/share/ament_cmake_ros/cmake)
[2.000s] -- Using all available rosidl_typesupport_c: rosidl_typesupport_fastrtps_c;rosidl_typesupport_introspection_c
[2.305s] -- Using all available rosidl_typesupport_cpp: rosidl_typesupport_fastrtps_cpp;rosidl_typesupport_introspection_cpp
[2.310s] -- Found python_cmake_module: 0.11.1 (/opt/ros/jazzy/share/python_cmake_module/cmake)
[2.452s] -- Found PythonExtra: /usr/bin/python3  
[2.851s] -- Found Python3: /usr/bin/python3 (found version "3.12.3") found components: Interpreter Development NumPy Development.Module Development.Embed 
[2.912s] -- Added test 'lint_cmake' to check CMake code style
[2.913s] -- Added test 'xmllint' to check XML markup files
[2.920s] -- Configuring done (2.8s)
[2.945s] -- Generating done (0.0s)
[2.954s] -- Build files have been written to: /home/tobia/vsc/tello_swarm/build/custom_msgs
[2.962s] Invoked command in '/home/tobia/vsc/tello_swarm/build/custom_msgs' returned '0': CMAKE_PREFIX_PATH=${CMAKE_PREFIX_PATH}:/home/tobia/vsc/tello_swarm/install/djitello:/opt/ros/jazzy DEBUGINFOD_URLS=https://debuginfod.ubuntu.com /usr/bin/cmake /home/tobia/vsc/tello_swarm/src/custom_msgs -DCMAKE_INSTALL_PREFIX=/home/tobia/vsc/tello_swarm/install/custom_msgs
[2.962s] Invoking command in '/home/tobia/vsc/tello_swarm/build/custom_msgs': CMAKE_PREFIX_PATH=${CMAKE_PREFIX_PATH}:/home/tobia/vsc/tello_swarm/install/djitello:/opt/ros/jazzy DEBUGINFOD_URLS=https://debuginfod.ubuntu.com /usr/bin/cmake --build /home/tobia/vsc/tello_swarm/build/custom_msgs -- -j16 -l16
[3.018s] [  2%] [34m[1mGenerating type hashes for ROS interfaces[0m
[3.031s] [  2%] Built target ament_cmake_python_copy_custom_msgs
[3.157s] [  2%] Built target custom_msgs__rosidl_generator_type_description
[3.166s] [  5%] [34m[1mGenerating C code for ROS interfaces[0m
[3.169s] running egg_info
[3.169s] creating custom_msgs.egg-info
[3.176s] [  8%] [34m[1mGenerating C++ code for ROS interfaces[0m
[3.180s] writing custom_msgs.egg-info/PKG-INFO
[3.180s] writing dependency_links to custom_msgs.egg-info/dependency_links.txt
[3.180s] writing top-level names to custom_msgs.egg-info/top_level.txt
[3.180s] writing manifest file 'custom_msgs.egg-info/SOURCES.txt'
[3.210s] reading manifest file 'custom_msgs.egg-info/SOURCES.txt'
[3.210s] writing manifest file 'custom_msgs.egg-info/SOURCES.txt'
[3.232s] [  8%] Built target ament_cmake_python_build_custom_msgs_egg
[3.356s] [  8%] Built target custom_msgs__cpp
[3.366s] [ 14%] [32mBuilding C object CMakeFiles/custom_msgs__rosidl_generator_c.dir/rosidl_generator_c/custom_msgs/srv/detail/string_command__type_support.c.o[0m
[3.366s] [ 14%] [32mBuilding C object CMakeFiles/custom_msgs__rosidl_generator_c.dir/rosidl_generator_c/custom_msgs/srv/detail/string_command__description.c.o[0m
[3.366s] [ 17%] [32mBuilding C object CMakeFiles/custom_msgs__rosidl_generator_c.dir/rosidl_generator_c/custom_msgs/srv/detail/string_command__functions.c.o[0m
[3.433s] [ 20%] [32m[1mLinking C shared library libcustom_msgs__rosidl_generator_c.so[0m
[3.479s] [ 20%] Built target custom_msgs__rosidl_generator_c
[3.493s] [ 23%] [34m[1mGenerating C++ type support for eProsima Fast-RTPS[0m
[3.493s] [ 29%] [34m[1mGenerating C introspection for ROS interfaces[0m
[3.494s] [ 29%] [34m[1mGenerating C++ type support dispatch for ROS interfaces[0m
[3.494s] [ 32%] [34m[1mGenerating C type support dispatch for ROS interfaces[0m
[3.494s] [ 35%] [34m[1mGenerating C++ introspection for ROS interfaces[0m
[3.496s] [ 38%] [34m[1mGenerating C type support for eProsima Fast-RTPS[0m
[3.683s] [ 41%] [32mBuilding CXX object CMakeFiles/custom_msgs__rosidl_typesupport_c.dir/rosidl_typesupport_c/custom_msgs/srv/string_command__type_support.cpp.o[0m
[3.684s] [ 44%] [32mBuilding CXX object CMakeFiles/custom_msgs__rosidl_typesupport_cpp.dir/rosidl_typesupport_cpp/custom_msgs/srv/string_command__type_support.cpp.o[0m
[3.695s] [ 47%] [32mBuilding CXX object CMakeFiles/custom_msgs__rosidl_typesupport_introspection_cpp.dir/rosidl_typesupport_introspection_cpp/custom_msgs/srv/detail/string_command__type_support.cpp.o[0m
[3.704s] [ 50%] [32mBuilding C object CMakeFiles/custom_msgs__rosidl_typesupport_introspection_c.dir/rosidl_typesupport_introspection_c/custom_msgs/srv/detail/string_command__type_support.c.o[0m
[3.720s] [ 55%] [32m[1mLinking CXX shared library libcustom_msgs__rosidl_typesupport_c.so[0m
[3.720s] [ 55%] [32mBuilding CXX object CMakeFiles/custom_msgs__rosidl_typesupport_fastrtps_cpp.dir/rosidl_typesupport_fastrtps_cpp/custom_msgs/srv/detail/dds_fastrtps/string_command__type_support.cpp.o[0m
[3.724s] [ 58%] [32mBuilding CXX object CMakeFiles/custom_msgs__rosidl_typesupport_fastrtps_c.dir/rosidl_typesupport_fastrtps_c/custom_msgs/srv/detail/string_command__type_support_c.cpp.o[0m
[3.740s] [ 61%] [32m[1mLinking C shared library libcustom_msgs__rosidl_typesupport_introspection_c.so[0m
[3.748s] [ 61%] Built target custom_msgs__rosidl_typesupport_c
[3.770s] [ 61%] Built target custom_msgs__rosidl_typesupport_introspection_c
[3.959s] [ 64%] [32m[1mLinking CXX shared library libcustom_msgs__rosidl_typesupport_cpp.so[0m
[3.977s] [ 67%] [32m[1mLinking CXX shared library libcustom_msgs__rosidl_typesupport_introspection_cpp.so[0m
[4.019s] [ 67%] Built target custom_msgs__rosidl_typesupport_cpp
[4.034s] [ 67%] Built target custom_msgs__rosidl_typesupport_introspection_cpp
[4.037s] [ 70%] [32m[1mLinking CXX shared library libcustom_msgs__rosidl_typesupport_fastrtps_c.so[0m
[4.093s] [ 70%] Built target custom_msgs__rosidl_typesupport_fastrtps_c
[4.106s] [ 73%] [32m[1mLinking CXX shared library libcustom_msgs__rosidl_typesupport_fastrtps_cpp.so[0m
[4.177s] [ 73%] Built target custom_msgs__rosidl_typesupport_fastrtps_cpp
[4.196s] [ 73%] Built target custom_msgs
[4.226s] [ 76%] [34m[1mGenerating Python code for ROS interfaces[0m
[4.471s] [ 76%] Built target custom_msgs__py
[4.500s] [ 79%] [32mBuilding C object CMakeFiles/custom_msgs__rosidl_generator_py.dir/rosidl_generator_py/custom_msgs/srv/_string_command_s.c.o[0m
[4.631s] [ 82%] [32m[1mLinking C shared library libcustom_msgs__rosidl_generator_py.so[0m
[4.680s] [ 82%] Built target custom_msgs__rosidl_generator_py
[4.702s] [ 85%] [32mBuilding C object CMakeFiles/custom_msgs_s__rosidl_typesupport_fastrtps_c.dir/rosidl_generator_py/custom_msgs/_custom_msgs_s.ep.rosidl_typesupport_fastrtps_c.c.o[0m
[4.702s] [ 88%] [32mBuilding C object CMakeFiles/custom_msgs_s__rosidl_typesupport_introspection_c.dir/rosidl_generator_py/custom_msgs/_custom_msgs_s.ep.rosidl_typesupport_introspection_c.c.o[0m
[4.703s] [ 91%] [32mBuilding C object CMakeFiles/custom_msgs_s__rosidl_typesupport_c.dir/rosidl_generator_py/custom_msgs/_custom_msgs_s.ep.rosidl_typesupport_c.c.o[0m
[4.772s] [ 94%] [32m[1mLinking C shared module rosidl_generator_py/custom_msgs/custom_msgs_s__rosidl_typesupport_introspection_c.so[0m
[4.776s] [ 97%] [32m[1mLinking C shared module rosidl_generator_py/custom_msgs/custom_msgs_s__rosidl_typesupport_fastrtps_c.so[0m
[4.776s] [100%] [32m[1mLinking C shared module rosidl_generator_py/custom_msgs/custom_msgs_s__rosidl_typesupport_c.so[0m
[4.794s] [100%] Built target custom_msgs_s__rosidl_typesupport_introspection_c
[4.803s] [100%] Built target custom_msgs_s__rosidl_typesupport_c
[4.804s] [100%] Built target custom_msgs_s__rosidl_typesupport_fastrtps_c
[4.818s] Invoked command in '/home/tobia/vsc/tello_swarm/build/custom_msgs' returned '0': CMAKE_PREFIX_PATH=${CMAKE_PREFIX_PATH}:/home/tobia/vsc/tello_swarm/install/djitello:/opt/ros/jazzy DEBUGINFOD_URLS=https://debuginfod.ubuntu.com /usr/bin/cmake --build /home/tobia/vsc/tello_swarm/build/custom_msgs -- -j16 -l16
[4.830s] Invoking command in '/home/tobia/vsc/tello_swarm/build/custom_msgs': CMAKE_PREFIX_PATH=${CMAKE_PREFIX_PATH}:/home/tobia/vsc/tello_swarm/install/djitello:/opt/ros/jazzy DEBUGINFOD_URLS=https://debuginfod.ubuntu.com /usr/bin/cmake --install /home/tobia/vsc/tello_swarm/build/custom_msgs
[4.842s] -- Install configuration: ""
[4.842s] -- Installing: /home/tobia/vsc/tello_swarm/install/custom_msgs/share/ament_index/resource_index/rosidl_interfaces/custom_msgs
[4.842s] -- Installing: /home/tobia/vsc/tello_swarm/install/custom_msgs/share/custom_msgs/srv/StringCommand.json
[4.843s] -- Installing: /home/tobia/vsc/tello_swarm/install/custom_msgs/include/custom_msgs/custom_msgs
[4.843s] -- Installing: /home/tobia/vsc/tello_swarm/install/custom_msgs/include/custom_msgs/custom_msgs/msg
[4.843s] -- Installing: /home/tobia/vsc/tello_swarm/install/custom_msgs/include/custom_msgs/custom_msgs/msg/rosidl_generator_c__visibility_control.h
[4.843s] -- Installing: /home/tobia/vsc/tello_swarm/install/custom_msgs/include/custom_msgs/custom_msgs/srv
[4.843s] -- Installing: /home/tobia/vsc/tello_swarm/install/custom_msgs/include/custom_msgs/custom_msgs/srv/detail
[4.843s] -- Installing: /home/tobia/vsc/tello_swarm/install/custom_msgs/include/custom_msgs/custom_msgs/srv/detail/string_command__type_support.h
[4.843s] -- Installing: /home/tobia/vsc/tello_swarm/install/custom_msgs/include/custom_msgs/custom_msgs/srv/detail/string_command__description.c
[4.844s] -- Installing: /home/tobia/vsc/tello_swarm/install/custom_msgs/include/custom_msgs/custom_msgs/srv/detail/string_command__type_support.c
[4.844s] -- Installing: /home/tobia/vsc/tello_swarm/install/custom_msgs/include/custom_msgs/custom_msgs/srv/detail/string_command__struct.h
[4.844s] -- Installing: /home/tobia/vsc/tello_swarm/install/custom_msgs/include/custom_msgs/custom_msgs/srv/detail/string_command__functions.c
[4.844s] -- Installing: /home/tobia/vsc/tello_swarm/install/custom_msgs/include/custom_msgs/custom_msgs/srv/detail/string_command__functions.h
[4.844s] -- Installing: /home/tobia/vsc/tello_swarm/install/custom_msgs/include/custom_msgs/custom_msgs/srv/string_command.h
[4.844s] -- Installing: /home/tobia/vsc/tello_swarm/install/custom_msgs/share/custom_msgs/environment/library_path.sh
[4.844s] -- Installing: /home/tobia/vsc/tello_swarm/install/custom_msgs/share/custom_msgs/environment/library_path.dsv
[4.844s] -- Installing: /home/tobia/vsc/tello_swarm/install/custom_msgs/lib/libcustom_msgs__rosidl_generator_c.so
[4.845s] -- Set non-toolchain portion of runtime path of "/home/tobia/vsc/tello_swarm/install/custom_msgs/lib/libcustom_msgs__rosidl_generator_c.so" to ""
[4.845s] -- Up-to-date: /home/tobia/vsc/tello_swarm/install/custom_msgs/include/custom_msgs/custom_msgs
[4.845s] -- Up-to-date: /home/tobia/vsc/tello_swarm/install/custom_msgs/include/custom_msgs/custom_msgs/msg
[4.845s] -- Installing: /home/tobia/vsc/tello_swarm/install/custom_msgs/include/custom_msgs/custom_msgs/msg/rosidl_typesupport_fastrtps_c__visibility_control.h
[4.845s] -- Up-to-date: /home/tobia/vsc/tello_swarm/install/custom_msgs/include/custom_msgs/custom_msgs/srv
[4.845s] -- Up-to-date: /home/tobia/vsc/tello_swarm/install/custom_msgs/include/custom_msgs/custom_msgs/srv/detail
[4.845s] -- Installing: /home/tobia/vsc/tello_swarm/install/custom_msgs/include/custom_msgs/custom_msgs/srv/detail/string_command__rosidl_typesupport_fastrtps_c.h
[4.845s] -- Installing: /home/tobia/vsc/tello_swarm/install/custom_msgs/lib/libcustom_msgs__rosidl_typesupport_fastrtps_c.so
[4.845s] -- Set non-toolchain portion of runtime path of "/home/tobia/vsc/tello_swarm/install/custom_msgs/lib/libcustom_msgs__rosidl_typesupport_fastrtps_c.so" to ""
[4.846s] -- Up-to-date: /home/tobia/vsc/tello_swarm/install/custom_msgs/include/custom_msgs/custom_msgs
[4.846s] -- Up-to-date: /home/tobia/vsc/tello_swarm/install/custom_msgs/include/custom_msgs/custom_msgs/msg
[4.846s] -- Installing: /home/tobia/vsc/tello_swarm/install/custom_msgs/include/custom_msgs/custom_msgs/msg/rosidl_generator_cpp__visibility_control.hpp
[4.846s] -- Up-to-date: /home/tobia/vsc/tello_swarm/install/custom_msgs/include/custom_msgs/custom_msgs/srv
[4.846s] -- Up-to-date: /home/tobia/vsc/tello_swarm/install/custom_msgs/include/custom_msgs/custom_msgs/srv/detail
[4.846s] -- Installing: /home/tobia/vsc/tello_swarm/install/custom_msgs/include/custom_msgs/custom_msgs/srv/detail/string_command__builder.hpp
[4.846s] -- Installing: /home/tobia/vsc/tello_swarm/install/custom_msgs/include/custom_msgs/custom_msgs/srv/detail/string_command__struct.hpp
[4.846s] -- Installing: /home/tobia/vsc/tello_swarm/install/custom_msgs/include/custom_msgs/custom_msgs/srv/detail/string_command__type_support.hpp
[4.846s] -- Installing: /home/tobia/vsc/tello_swarm/install/custom_msgs/include/custom_msgs/custom_msgs/srv/detail/string_command__traits.hpp
[4.846s] -- Installing: /home/tobia/vsc/tello_swarm/install/custom_msgs/include/custom_msgs/custom_msgs/srv/string_command.hpp
[4.847s] -- Up-to-date: /home/tobia/vsc/tello_swarm/install/custom_msgs/include/custom_msgs/custom_msgs
[4.847s] -- Up-to-date: /home/tobia/vsc/tello_swarm/install/custom_msgs/include/custom_msgs/custom_msgs/msg
[4.847s] -- Installing: /home/tobia/vsc/tello_swarm/install/custom_msgs/include/custom_msgs/custom_msgs/msg/rosidl_typesupport_fastrtps_cpp__visibility_control.h
[4.847s] -- Up-to-date: /home/tobia/vsc/tello_swarm/install/custom_msgs/include/custom_msgs/custom_msgs/srv
[4.847s] -- Up-to-date: /home/tobia/vsc/tello_swarm/install/custom_msgs/include/custom_msgs/custom_msgs/srv/detail
[4.847s] -- Installing: /home/tobia/vsc/tello_swarm/install/custom_msgs/include/custom_msgs/custom_msgs/srv/detail/dds_fastrtps
[4.847s] -- Installing: /home/tobia/vsc/tello_swarm/install/custom_msgs/include/custom_msgs/custom_msgs/srv/detail/string_command__rosidl_typesupport_fastrtps_cpp.hpp
[4.847s] -- Installing: /home/tobia/vsc/tello_swarm/install/custom_msgs/lib/libcustom_msgs__rosidl_typesupport_fastrtps_cpp.so
[4.847s] -- Set non-toolchain portion of runtime path of "/home/tobia/vsc/tello_swarm/install/custom_msgs/lib/libcustom_msgs__rosidl_typesupport_fastrtps_cpp.so" to ""
[4.847s] -- Up-to-date: /home/tobia/vsc/tello_swarm/install/custom_msgs/include/custom_msgs/custom_msgs
[4.848s] -- Up-to-date: /home/tobia/vsc/tello_swarm/install/custom_msgs/include/custom_msgs/custom_msgs/msg
[4.848s] -- Installing: /home/tobia/vsc/tello_swarm/install/custom_msgs/include/custom_msgs/custom_msgs/msg/rosidl_typesupport_introspection_c__visibility_control.h
[4.848s] -- Up-to-date: /home/tobia/vsc/tello_swarm/install/custom_msgs/include/custom_msgs/custom_msgs/srv
[4.848s] -- Up-to-date: /home/tobia/vsc/tello_swarm/install/custom_msgs/include/custom_msgs/custom_msgs/srv/detail
[4.848s] -- Installing: /home/tobia/vsc/tello_swarm/install/custom_msgs/include/custom_msgs/custom_msgs/srv/detail/string_command__rosidl_typesupport_introspection_c.h
[4.848s] -- Installing: /home/tobia/vsc/tello_swarm/install/custom_msgs/include/custom_msgs/custom_msgs/srv/detail/string_command__type_support.c
[4.848s] -- Installing: /home/tobia/vsc/tello_swarm/install/custom_msgs/lib/libcustom_msgs__rosidl_typesupport_introspection_c.so
[4.848s] -- Set non-toolchain portion of runtime path of "/home/tobia/vsc/tello_swarm/install/custom_msgs/lib/libcustom_msgs__rosidl_typesupport_introspection_c.so" to ""
[4.848s] -- Installing: /home/tobia/vsc/tello_swarm/install/custom_msgs/lib/libcustom_msgs__rosidl_typesupport_c.so
[4.848s] -- Set non-toolchain portion of runtime path of "/home/tobia/vsc/tello_swarm/install/custom_msgs/lib/libcustom_msgs__rosidl_typesupport_c.so" to ""
[4.848s] -- Up-to-date: /home/tobia/vsc/tello_swarm/install/custom_msgs/include/custom_msgs/custom_msgs
[4.849s] -- Up-to-date: /home/tobia/vsc/tello_swarm/install/custom_msgs/include/custom_msgs/custom_msgs/srv
[4.849s] -- Up-to-date: /home/tobia/vsc/tello_swarm/install/custom_msgs/include/custom_msgs/custom_msgs/srv/detail
[4.849s] -- Installing: /home/tobia/vsc/tello_swarm/install/custom_msgs/include/custom_msgs/custom_msgs/srv/detail/string_command__rosidl_typesupport_introspection_cpp.hpp
[4.849s] -- Installing: /home/tobia/vsc/tello_swarm/install/custom_msgs/include/custom_msgs/custom_msgs/srv/detail/string_command__type_support.cpp
[4.849s] -- Installing: /home/tobia/vsc/tello_swarm/install/custom_msgs/lib/libcustom_msgs__rosidl_typesupport_introspection_cpp.so
[4.849s] -- Set non-toolchain portion of runtime path of "/home/tobia/vsc/tello_swarm/install/custom_msgs/lib/libcustom_msgs__rosidl_typesupport_introspection_cpp.so" to ""
[4.849s] -- Installing: /home/tobia/vsc/tello_swarm/install/custom_msgs/lib/libcustom_msgs__rosidl_typesupport_cpp.so
[4.849s] -- Set non-toolchain portion of runtime path of "/home/tobia/vsc/tello_swarm/install/custom_msgs/lib/libcustom_msgs__rosidl_typesupport_cpp.so" to ""
[4.849s] -- Installing: /home/tobia/vsc/tello_swarm/install/custom_msgs/share/custom_msgs/environment/pythonpath.sh
[4.849s] -- Installing: /home/tobia/vsc/tello_swarm/install/custom_msgs/share/custom_msgs/environment/pythonpath.dsv
[4.849s] -- Installing: /home/tobia/vsc/tello_swarm/install/custom_msgs/lib/python3.12/site-packages/custom_msgs-0.0.0-py3.12.egg-info
[4.850s] -- Installing: /home/tobia/vsc/tello_swarm/install/custom_msgs/lib/python3.12/site-packages/custom_msgs-0.0.0-py3.12.egg-info/PKG-INFO
[4.850s] -- Installing: /home/tobia/vsc/tello_swarm/install/custom_msgs/lib/python3.12/site-packages/custom_msgs-0.0.0-py3.12.egg-info/dependency_links.txt
[4.850s] -- Installing: /home/tobia/vsc/tello_swarm/install/custom_msgs/lib/python3.12/site-packages/custom_msgs-0.0.0-py3.12.egg-info/SOURCES.txt
[4.850s] -- Installing: /home/tobia/vsc/tello_swarm/install/custom_msgs/lib/python3.12/site-packages/custom_msgs-0.0.0-py3.12.egg-info/top_level.txt
[4.850s] -- Installing: /home/tobia/vsc/tello_swarm/install/custom_msgs/lib/python3.12/site-packages/custom_msgs
[4.850s] -- Installing: /home/tobia/vsc/tello_swarm/install/custom_msgs/lib/python3.12/site-packages/custom_msgs/_custom_msgs_s.ep.rosidl_typesupport_fastrtps_c.c
[4.850s] -- Installing: /home/tobia/vsc/tello_swarm/install/custom_msgs/lib/python3.12/site-packages/custom_msgs/_custom_msgs_s.ep.rosidl_typesupport_introspection_c.c
[4.850s] -- Installing: /home/tobia/vsc/tello_swarm/install/custom_msgs/lib/python3.12/site-packages/custom_msgs/custom_msgs_s__rosidl_typesupport_c.so
[4.850s] -- Installing: /home/tobia/vsc/tello_swarm/install/custom_msgs/lib/python3.12/site-packages/custom_msgs/__init__.py
[4.850s] -- Installing: /home/tobia/vsc/tello_swarm/install/custom_msgs/lib/python3.12/site-packages/custom_msgs/custom_msgs_s__rosidl_typesupport_introspection_c.so
[4.850s] -- Installing: /home/tobia/vsc/tello_swarm/install/custom_msgs/lib/python3.12/site-packages/custom_msgs/_custom_msgs_s.ep.rosidl_typesupport_c.c
[4.850s] -- Installing: /home/tobia/vsc/tello_swarm/install/custom_msgs/lib/python3.12/site-packages/custom_msgs/srv
[4.850s] -- Installing: /home/tobia/vsc/tello_swarm/install/custom_msgs/lib/python3.12/site-packages/custom_msgs/srv/_string_command.py
[4.850s] -- Installing: /home/tobia/vsc/tello_swarm/install/custom_msgs/lib/python3.12/site-packages/custom_msgs/srv/__init__.py
[4.850s] -- Installing: /home/tobia/vsc/tello_swarm/install/custom_msgs/lib/python3.12/site-packages/custom_msgs/srv/_string_command_s.c
[4.850s] -- Installing: /home/tobia/vsc/tello_swarm/install/custom_msgs/lib/python3.12/site-packages/custom_msgs/custom_msgs_s__rosidl_typesupport_fastrtps_c.so
[4.881s] Listing '/home/tobia/vsc/tello_swarm/install/custom_msgs/lib/python3.12/site-packages/custom_msgs'...
[4.881s] Compiling '/home/tobia/vsc/tello_swarm/install/custom_msgs/lib/python3.12/site-packages/custom_msgs/__init__.py'...
[4.881s] Listing '/home/tobia/vsc/tello_swarm/install/custom_msgs/lib/python3.12/site-packages/custom_msgs/srv'...
[4.881s] Compiling '/home/tobia/vsc/tello_swarm/install/custom_msgs/lib/python3.12/site-packages/custom_msgs/srv/__init__.py'...
[4.881s] Compiling '/home/tobia/vsc/tello_swarm/install/custom_msgs/lib/python3.12/site-packages/custom_msgs/srv/_string_command.py'...
[4.886s] -- Installing: /home/tobia/vsc/tello_swarm/install/custom_msgs/lib/python3.12/site-packages/custom_msgs/custom_msgs_s__rosidl_typesupport_fastrtps_c.so
[4.886s] -- Set non-toolchain portion of runtime path of "/home/tobia/vsc/tello_swarm/install/custom_msgs/lib/python3.12/site-packages/custom_msgs/custom_msgs_s__rosidl_typesupport_fastrtps_c.so" to ""
[4.886s] -- Installing: /home/tobia/vsc/tello_swarm/install/custom_msgs/lib/python3.12/site-packages/custom_msgs/custom_msgs_s__rosidl_typesupport_introspection_c.so
[4.886s] -- Set non-toolchain portion of runtime path of "/home/tobia/vsc/tello_swarm/install/custom_msgs/lib/python3.12/site-packages/custom_msgs/custom_msgs_s__rosidl_typesupport_introspection_c.so" to ""
[4.886s] -- Installing: /home/tobia/vsc/tello_swarm/install/custom_msgs/lib/python3.12/site-packages/custom_msgs/custom_msgs_s__rosidl_typesupport_c.so
[4.886s] -- Set non-toolchain portion of runtime path of "/home/tobia/vsc/tello_swarm/install/custom_msgs/lib/python3.12/site-packages/custom_msgs/custom_msgs_s__rosidl_typesupport_c.so" to ""
[4.886s] -- Installing: /home/tobia/vsc/tello_swarm/install/custom_msgs/lib/libcustom_msgs__rosidl_generator_py.so
[4.886s] -- Set non-toolchain portion of runtime path of "/home/tobia/vsc/tello_swarm/install/custom_msgs/lib/libcustom_msgs__rosidl_generator_py.so" to ""
[4.886s] -- Installing: /home/tobia/vsc/tello_swarm/install/custom_msgs/share/custom_msgs/srv/StringCommand.idl
[4.886s] -- Installing: /home/tobia/vsc/tello_swarm/install/custom_msgs/share/custom_msgs/srv/StringCommand.srv
[4.886s] -- Installing: /home/tobia/vsc/tello_swarm/install/custom_msgs/share/ament_index/resource_index/package_run_dependencies/custom_msgs
[4.886s] -- Installing: /home/tobia/vsc/tello_swarm/install/custom_msgs/share/ament_index/resource_index/parent_prefix_path/custom_msgs
[4.886s] -- Installing: /home/tobia/vsc/tello_swarm/install/custom_msgs/share/custom_msgs/environment/ament_prefix_path.sh
[4.886s] -- Installing: /home/tobia/vsc/tello_swarm/install/custom_msgs/share/custom_msgs/environment/ament_prefix_path.dsv
[4.886s] -- Installing: /home/tobia/vsc/tello_swarm/install/custom_msgs/share/custom_msgs/environment/path.sh
[4.886s] -- Installing: /home/tobia/vsc/tello_swarm/install/custom_msgs/share/custom_msgs/environment/path.dsv
[4.886s] -- Installing: /home/tobia/vsc/tello_swarm/install/custom_msgs/share/custom_msgs/local_setup.bash
[4.886s] -- Installing: /home/tobia/vsc/tello_swarm/install/custom_msgs/share/custom_msgs/local_setup.sh
[4.886s] -- Installing: /home/tobia/vsc/tello_swarm/install/custom_msgs/share/custom_msgs/local_setup.zsh
[4.886s] -- Installing: /home/tobia/vsc/tello_swarm/install/custom_msgs/share/custom_msgs/local_setup.dsv
[4.886s] -- Installing: /home/tobia/vsc/tello_swarm/install/custom_msgs/share/custom_msgs/package.dsv
[4.887s] -- Installing: /home/tobia/vsc/tello_swarm/install/custom_msgs/share/ament_index/resource_index/packages/custom_msgs
[4.887s] -- Installing: /home/tobia/vsc/tello_swarm/install/custom_msgs/share/custom_msgs/cmake/export_custom_msgs__rosidl_generator_cExport.cmake
[4.887s] -- Installing: /home/tobia/vsc/tello_swarm/install/custom_msgs/share/custom_msgs/cmake/export_custom_msgs__rosidl_generator_cExport-noconfig.cmake
[4.887s] -- Installing: /home/tobia/vsc/tello_swarm/install/custom_msgs/share/custom_msgs/cmake/export_custom_msgs__rosidl_typesupport_fastrtps_cExport.cmake
[4.887s] -- Installing: /home/tobia/vsc/tello_swarm/install/custom_msgs/share/custom_msgs/cmake/export_custom_msgs__rosidl_typesupport_fastrtps_cExport-noconfig.cmake
[4.887s] -- Installing: /home/tobia/vsc/tello_swarm/install/custom_msgs/share/custom_msgs/cmake/export_custom_msgs__rosidl_generator_cppExport.cmake
[4.887s] -- Installing: /home/tobia/vsc/tello_swarm/install/custom_msgs/share/custom_msgs/cmake/export_custom_msgs__rosidl_typesupport_fastrtps_cppExport.cmake
[4.887s] -- Installing: /home/tobia/vsc/tello_swarm/install/custom_msgs/share/custom_msgs/cmake/export_custom_msgs__rosidl_typesupport_fastrtps_cppExport-noconfig.cmake
[4.887s] -- Installing: /home/tobia/vsc/tello_swarm/install/custom_msgs/share/custom_msgs/cmake/custom_msgs__rosidl_typesupport_introspection_cExport.cmake
[4.887s] -- Installing: /home/tobia/vsc/tello_swarm/install/custom_msgs/share/custom_msgs/cmake/custom_msgs__rosidl_typesupport_introspection_cExport-noconfig.cmake
[4.887s] -- Installing: /home/tobia/vsc/tello_swarm/install/custom_msgs/share/custom_msgs/cmake/custom_msgs__rosidl_typesupport_cExport.cmake
[4.887s] -- Installing: /home/tobia/vsc/tello_swarm/install/custom_msgs/share/custom_msgs/cmake/custom_msgs__rosidl_typesupport_cExport-noconfig.cmake
[4.887s] -- Installing: /home/tobia/vsc/tello_swarm/install/custom_msgs/share/custom_msgs/cmake/custom_msgs__rosidl_typesupport_introspection_cppExport.cmake
[4.887s] -- Installing: /home/tobia/vsc/tello_swarm/install/custom_msgs/share/custom_msgs/cmake/custom_msgs__rosidl_typesupport_introspection_cppExport-noconfig.cmake
[4.887s] -- Installing: /home/tobia/vsc/tello_swarm/install/custom_msgs/share/custom_msgs/cmake/custom_msgs__rosidl_typesupport_cppExport.cmake
[4.887s] -- Installing: /home/tobia/vsc/tello_swarm/install/custom_msgs/share/custom_msgs/cmake/custom_msgs__rosidl_typesupport_cppExport-noconfig.cmake
[4.887s] -- Installing: /home/tobia/vsc/tello_swarm/install/custom_msgs/share/custom_msgs/cmake/export_custom_msgs__rosidl_generator_pyExport.cmake
[4.887s] -- Installing: /home/tobia/vsc/tello_swarm/install/custom_msgs/share/custom_msgs/cmake/export_custom_msgs__rosidl_generator_pyExport-noconfig.cmake
[4.887s] -- Installing: /home/tobia/vsc/tello_swarm/install/custom_msgs/share/custom_msgs/cmake/rosidl_cmake-extras.cmake
[4.888s] -- Installing: /home/tobia/vsc/tello_swarm/install/custom_msgs/share/custom_msgs/cmake/ament_cmake_export_dependencies-extras.cmake
[4.888s] -- Installing: /home/tobia/vsc/tello_swarm/install/custom_msgs/share/custom_msgs/cmake/ament_cmake_export_include_directories-extras.cmake
[4.888s] -- Installing: /home/tobia/vsc/tello_swarm/install/custom_msgs/share/custom_msgs/cmake/ament_cmake_export_libraries-extras.cmake
[4.888s] -- Installing: /home/tobia/vsc/tello_swarm/install/custom_msgs/share/custom_msgs/cmake/ament_cmake_export_targets-extras.cmake
[4.888s] -- Installing: /home/tobia/vsc/tello_swarm/install/custom_msgs/share/custom_msgs/cmake/rosidl_cmake_export_typesupport_targets-extras.cmake
[4.888s] -- Installing: /home/tobia/vsc/tello_swarm/install/custom_msgs/share/custom_msgs/cmake/rosidl_cmake_export_typesupport_libraries-extras.cmake
[4.888s] -- Installing: /home/tobia/vsc/tello_swarm/install/custom_msgs/share/custom_msgs/cmake/custom_msgsConfig.cmake
[4.888s] -- Installing: /home/tobia/vsc/tello_swarm/install/custom_msgs/share/custom_msgs/cmake/custom_msgsConfig-version.cmake
[4.888s] -- Installing: /home/tobia/vsc/tello_swarm/install/custom_msgs/share/custom_msgs/package.xml
[4.889s] Invoked command in '/home/tobia/vsc/tello_swarm/build/custom_msgs' returned '0': CMAKE_PREFIX_PATH=${CMAKE_PREFIX_PATH}:/home/tobia/vsc/tello_swarm/install/djitello:/opt/ros/jazzy DEBUGINFOD_URLS=https://debuginfod.ubuntu.com /usr/bin/cmake --install /home/tobia/vsc/tello_swarm/build/custom_msgs
