[0.100s] DEBUG:colcon:Command line arguments: ['/usr/bin/colcon', 'build']
[0.100s] DEBUG:colcon:Parsed command line arguments: Namespace(log_base=None, log_level=None, verb_name='build', build_base='build', install_base='install', merge_install=False, symlink_install=False, test_result_base=None, continue_on_error=False, executor='parallel', parallel_workers=16, event_handlers=None, ignore_user_meta=False, metas=['./colcon.meta'], base_paths=['.'], packages_ignore=None, packages_ignore_regex=None, paths=None, packages_up_to=None, packages_up_to_regex=None, packages_above=None, packages_above_and_dependencies=None, packages_above_depth=None, packages_select_by_dep=None, packages_skip_by_dep=None, packages_skip_up_to=None, packages_select_build_failed=False, packages_skip_build_finished=False, packages_select_test_failures=False, packages_skip_test_passed=False, packages_select=None, packages_skip=None, packages_select_regex=None, packages_skip_regex=None, packages_start=None, packages_end=None, allow_overriding=[], cmake_args=None, cmake_target=None, cmake_target_skip_unavailable=False, cmake_clean_cache=False, cmake_clean_first=False, cmake_force_configure=False, ament_cmake_args=None, catkin_cmake_args=None, catkin_skip_building_tests=False, verb_parser=<colcon_defaults.argument_parser.defaults.DefaultArgumentsDecorator object at 0x74f85b375910>, verb_extension=<colcon_core.verb.build.BuildVerb object at 0x74f85b375760>, main=<bound method BuildVerb.main of <colcon_core.verb.build.BuildVerb object at 0x74f85b375760>>)
[0.140s] Level 1:colcon.colcon_core.package_discovery:discover_packages(colcon_meta) check parameters
[0.141s] Level 1:colcon.colcon_core.package_discovery:discover_packages(recursive) check parameters
[0.141s] Level 1:colcon.colcon_core.package_discovery:discover_packages(ignore) check parameters
[0.141s] Level 1:colcon.colcon_core.package_discovery:discover_packages(path) check parameters
[0.141s] Level 1:colcon.colcon_core.package_discovery:discover_packages(colcon_meta) discover
[0.141s] Level 1:colcon.colcon_core.package_discovery:discover_packages(recursive) discover
[0.141s] INFO:colcon.colcon_core.package_discovery:Crawling recursively for packages in '/home/tobia/vsc/tello_swarm'
[0.141s] Level 1:colcon.colcon_core.package_identification:_identify(.) by extensions ['ignore', 'ignore_ament_install']
[0.141s] Level 1:colcon.colcon_core.package_identification:_identify(.) by extension 'ignore'
[0.141s] Level 1:colcon.colcon_core.package_identification:_identify(.) by extension 'ignore_ament_install'
[0.141s] Level 1:colcon.colcon_core.package_identification:_identify(.) by extensions ['colcon_pkg']
[0.141s] Level 1:colcon.colcon_core.package_identification:_identify(.) by extension 'colcon_pkg'
[0.141s] Level 1:colcon.colcon_core.package_identification:_identify(.) by extensions ['colcon_meta']
[0.141s] Level 1:colcon.colcon_core.package_identification:_identify(.) by extension 'colcon_meta'
[0.141s] Level 1:colcon.colcon_core.package_identification:_identify(.) by extensions ['ros']
[0.141s] Level 1:colcon.colcon_core.package_identification:_identify(.) by extension 'ros'
[0.168s] Level 1:colcon.colcon_core.package_identification:_identify(.) by extensions ['cmake', 'python']
[0.169s] Level 1:colcon.colcon_core.package_identification:_identify(.) by extension 'cmake'
[0.169s] Level 1:colcon.colcon_core.package_identification:_identify(.) by extension 'python'
[0.169s] Level 1:colcon.colcon_core.package_identification:_identify(.) by extensions ['python_setup_py']
[0.169s] Level 1:colcon.colcon_core.package_identification:_identify(.) by extension 'python_setup_py'
[0.169s] Level 1:colcon.colcon_core.package_identification:_identify(build) by extensions ['ignore', 'ignore_ament_install']
[0.169s] Level 1:colcon.colcon_core.package_identification:_identify(build) by extension 'ignore'
[0.169s] Level 1:colcon.colcon_core.package_identification:_identify(build) ignored
[0.169s] Level 1:colcon.colcon_core.package_identification:_identify(docker) by extensions ['ignore', 'ignore_ament_install']
[0.169s] Level 1:colcon.colcon_core.package_identification:_identify(docker) by extension 'ignore'
[0.169s] Level 1:colcon.colcon_core.package_identification:_identify(docker) by extension 'ignore_ament_install'
[0.169s] Level 1:colcon.colcon_core.package_identification:_identify(docker) by extensions ['colcon_pkg']
[0.169s] Level 1:colcon.colcon_core.package_identification:_identify(docker) by extension 'colcon_pkg'
[0.169s] Level 1:colcon.colcon_core.package_identification:_identify(docker) by extensions ['colcon_meta']
[0.169s] Level 1:colcon.colcon_core.package_identification:_identify(docker) by extension 'colcon_meta'
[0.169s] Level 1:colcon.colcon_core.package_identification:_identify(docker) by extensions ['ros']
[0.169s] Level 1:colcon.colcon_core.package_identification:_identify(docker) by extension 'ros'
[0.169s] Level 1:colcon.colcon_core.package_identification:_identify(docker) by extensions ['cmake', 'python']
[0.170s] Level 1:colcon.colcon_core.package_identification:_identify(docker) by extension 'cmake'
[0.170s] Level 1:colcon.colcon_core.package_identification:_identify(docker) by extension 'python'
[0.170s] Level 1:colcon.colcon_core.package_identification:_identify(docker) by extensions ['python_setup_py']
[0.170s] Level 1:colcon.colcon_core.package_identification:_identify(docker) by extension 'python_setup_py'
[0.170s] Level 1:colcon.colcon_core.package_identification:_identify(install) by extensions ['ignore', 'ignore_ament_install']
[0.170s] Level 1:colcon.colcon_core.package_identification:_identify(install) by extension 'ignore'
[0.170s] Level 1:colcon.colcon_core.package_identification:_identify(install) ignored
[0.170s] Level 1:colcon.colcon_core.package_identification:_identify(log) by extensions ['ignore', 'ignore_ament_install']
[0.170s] Level 1:colcon.colcon_core.package_identification:_identify(log) by extension 'ignore'
[0.170s] Level 1:colcon.colcon_core.package_identification:_identify(log) ignored
[0.170s] Level 1:colcon.colcon_core.package_identification:_identify(src) by extensions ['ignore', 'ignore_ament_install']
[0.170s] Level 1:colcon.colcon_core.package_identification:_identify(src) by extension 'ignore'
[0.170s] Level 1:colcon.colcon_core.package_identification:_identify(src) by extension 'ignore_ament_install'
[0.170s] Level 1:colcon.colcon_core.package_identification:_identify(src) by extensions ['colcon_pkg']
[0.170s] Level 1:colcon.colcon_core.package_identification:_identify(src) by extension 'colcon_pkg'
[0.170s] Level 1:colcon.colcon_core.package_identification:_identify(src) by extensions ['colcon_meta']
[0.170s] Level 1:colcon.colcon_core.package_identification:_identify(src) by extension 'colcon_meta'
[0.170s] Level 1:colcon.colcon_core.package_identification:_identify(src) by extensions ['ros']
[0.170s] Level 1:colcon.colcon_core.package_identification:_identify(src) by extension 'ros'
[0.170s] Level 1:colcon.colcon_core.package_identification:_identify(src) by extensions ['cmake', 'python']
[0.170s] Level 1:colcon.colcon_core.package_identification:_identify(src) by extension 'cmake'
[0.170s] Level 1:colcon.colcon_core.package_identification:_identify(src) by extension 'python'
[0.171s] Level 1:colcon.colcon_core.package_identification:_identify(src) by extensions ['python_setup_py']
[0.171s] Level 1:colcon.colcon_core.package_identification:_identify(src) by extension 'python_setup_py'
[0.171s] Level 1:colcon.colcon_core.package_identification:_identify(src/custom_msgs) by extensions ['ignore', 'ignore_ament_install']
[0.171s] Level 1:colcon.colcon_core.package_identification:_identify(src/custom_msgs) by extension 'ignore'
[0.171s] Level 1:colcon.colcon_core.package_identification:_identify(src/custom_msgs) by extension 'ignore_ament_install'
[0.171s] Level 1:colcon.colcon_core.package_identification:_identify(src/custom_msgs) by extensions ['colcon_pkg']
[0.171s] Level 1:colcon.colcon_core.package_identification:_identify(src/custom_msgs) by extension 'colcon_pkg'
[0.171s] Level 1:colcon.colcon_core.package_identification:_identify(src/custom_msgs) by extensions ['colcon_meta']
[0.171s] Level 1:colcon.colcon_core.package_identification:_identify(src/custom_msgs) by extension 'colcon_meta'
[0.171s] Level 1:colcon.colcon_core.package_identification:_identify(src/custom_msgs) by extensions ['ros']
[0.171s] Level 1:colcon.colcon_core.package_identification:_identify(src/custom_msgs) by extension 'ros'
[0.173s] DEBUG:colcon.colcon_core.package_identification:Package 'src/custom_msgs' with type 'ros.ament_cmake' and name 'custom_msgs'
[0.174s] Level 1:colcon.colcon_core.package_identification:_identify(src/djitello) by extensions ['ignore', 'ignore_ament_install']
[0.174s] Level 1:colcon.colcon_core.package_identification:_identify(src/djitello) by extension 'ignore'
[0.174s] Level 1:colcon.colcon_core.package_identification:_identify(src/djitello) by extension 'ignore_ament_install'
[0.174s] Level 1:colcon.colcon_core.package_identification:_identify(src/djitello) by extensions ['colcon_pkg']
[0.174s] Level 1:colcon.colcon_core.package_identification:_identify(src/djitello) by extension 'colcon_pkg'
[0.174s] Level 1:colcon.colcon_core.package_identification:_identify(src/djitello) by extensions ['colcon_meta']
[0.174s] Level 1:colcon.colcon_core.package_identification:_identify(src/djitello) by extension 'colcon_meta'
[0.174s] Level 1:colcon.colcon_core.package_identification:_identify(src/djitello) by extensions ['ros']
[0.174s] Level 1:colcon.colcon_core.package_identification:_identify(src/djitello) by extension 'ros'
[0.175s] DEBUG:colcon.colcon_core.package_identification:Package 'src/djitello' with type 'ros.ament_python' and name 'djitello'
[0.175s] Level 1:colcon.colcon_core.package_discovery:discover_packages(recursive) using defaults
[0.175s] Level 1:colcon.colcon_core.package_discovery:discover_packages(ignore) discover
[0.175s] Level 1:colcon.colcon_core.package_discovery:discover_packages(ignore) using defaults
[0.175s] Level 1:colcon.colcon_core.package_discovery:discover_packages(path) discover
[0.175s] Level 1:colcon.colcon_core.package_discovery:discover_packages(path) using defaults
[0.194s] Level 1:colcon.colcon_core.package_discovery:discover_packages(prefix_path) check parameters
[0.194s] Level 1:colcon.colcon_core.package_discovery:discover_packages(prefix_path) discover
[0.195s] WARNING:colcon.colcon_ros.prefix_path.ament:The path '/home/tobia/vsc/tello_swarm/install/djitello' in the environment variable AMENT_PREFIX_PATH doesn't exist
[0.196s] DEBUG:colcon.colcon_installed_package_information.package_discovery:Found 0 installed packages in /home/tobia/vsc/tello_swarm/install
[0.197s] DEBUG:colcon.colcon_installed_package_information.package_discovery:Found 285 installed packages in /opt/ros/jazzy
[0.198s] Level 1:colcon.colcon_core.package_discovery:discover_packages(prefix_path) using defaults
[0.235s] Level 5:colcon.colcon_core.verb:set package 'custom_msgs' build argument 'cmake_args' from command line to 'None'
[0.235s] Level 5:colcon.colcon_core.verb:set package 'custom_msgs' build argument 'cmake_target' from command line to 'None'
[0.235s] Level 5:colcon.colcon_core.verb:set package 'custom_msgs' build argument 'cmake_target_skip_unavailable' from command line to 'False'
[0.235s] Level 5:colcon.colcon_core.verb:set package 'custom_msgs' build argument 'cmake_clean_cache' from command line to 'False'
[0.235s] Level 5:colcon.colcon_core.verb:set package 'custom_msgs' build argument 'cmake_clean_first' from command line to 'False'
[0.235s] Level 5:colcon.colcon_core.verb:set package 'custom_msgs' build argument 'cmake_force_configure' from command line to 'False'
[0.235s] Level 5:colcon.colcon_core.verb:set package 'custom_msgs' build argument 'ament_cmake_args' from command line to 'None'
[0.235s] Level 5:colcon.colcon_core.verb:set package 'custom_msgs' build argument 'catkin_cmake_args' from command line to 'None'
[0.235s] Level 5:colcon.colcon_core.verb:set package 'custom_msgs' build argument 'catkin_skip_building_tests' from command line to 'False'
[0.235s] DEBUG:colcon.colcon_core.verb:Building package 'custom_msgs' with the following arguments: {'ament_cmake_args': None, 'build_base': '/home/tobia/vsc/tello_swarm/build/custom_msgs', 'catkin_cmake_args': None, 'catkin_skip_building_tests': False, 'cmake_args': None, 'cmake_clean_cache': False, 'cmake_clean_first': False, 'cmake_force_configure': False, 'cmake_target': None, 'cmake_target_skip_unavailable': False, 'install_base': '/home/tobia/vsc/tello_swarm/install/custom_msgs', 'merge_install': False, 'path': '/home/tobia/vsc/tello_swarm/src/custom_msgs', 'symlink_install': False, 'test_result_base': None}
[0.235s] Level 5:colcon.colcon_core.verb:set package 'djitello' build argument 'cmake_args' from command line to 'None'
[0.235s] Level 5:colcon.colcon_core.verb:set package 'djitello' build argument 'cmake_target' from command line to 'None'
[0.235s] Level 5:colcon.colcon_core.verb:set package 'djitello' build argument 'cmake_target_skip_unavailable' from command line to 'False'
[0.235s] Level 5:colcon.colcon_core.verb:set package 'djitello' build argument 'cmake_clean_cache' from command line to 'False'
[0.235s] Level 5:colcon.colcon_core.verb:set package 'djitello' build argument 'cmake_clean_first' from command line to 'False'
[0.235s] Level 5:colcon.colcon_core.verb:set package 'djitello' build argument 'cmake_force_configure' from command line to 'False'
[0.235s] Level 5:colcon.colcon_core.verb:set package 'djitello' build argument 'ament_cmake_args' from command line to 'None'
[0.235s] Level 5:colcon.colcon_core.verb:set package 'djitello' build argument 'catkin_cmake_args' from command line to 'None'
[0.235s] Level 5:colcon.colcon_core.verb:set package 'djitello' build argument 'catkin_skip_building_tests' from command line to 'False'
[0.235s] DEBUG:colcon.colcon_core.verb:Building package 'djitello' with the following arguments: {'ament_cmake_args': None, 'build_base': '/home/tobia/vsc/tello_swarm/build/djitello', 'catkin_cmake_args': None, 'catkin_skip_building_tests': False, 'cmake_args': None, 'cmake_clean_cache': False, 'cmake_clean_first': False, 'cmake_force_configure': False, 'cmake_target': None, 'cmake_target_skip_unavailable': False, 'install_base': '/home/tobia/vsc/tello_swarm/install/djitello', 'merge_install': False, 'path': '/home/tobia/vsc/tello_swarm/src/djitello', 'symlink_install': False, 'test_result_base': None}
[0.236s] INFO:colcon.colcon_core.executor:Executing jobs using 'parallel' executor
[0.237s] DEBUG:colcon.colcon_parallel_executor.executor.parallel:run_until_complete
[0.237s] INFO:colcon.colcon_ros.task.ament_cmake.build:Building ROS package in '/home/tobia/vsc/tello_swarm/src/custom_msgs' with build type 'ament_cmake'
[0.237s] INFO:colcon.colcon_cmake.task.cmake.build:Building CMake package in '/home/tobia/vsc/tello_swarm/src/custom_msgs'
[0.239s] INFO:colcon.colcon_core.plugin_system:Skipping extension 'colcon_core.shell.bat': Not used on non-Windows systems
[0.239s] INFO:colcon.colcon_core.shell:Skip shell extension 'powershell' for command environment: Not usable outside of PowerShell
[0.239s] DEBUG:colcon.colcon_core.shell:Skip shell extension 'dsv' for command environment
[0.242s] INFO:colcon.colcon_ros.task.ament_python.build:Building ROS package in '/home/tobia/vsc/tello_swarm/src/djitello' with build type 'ament_python'
[0.242s] Level 1:colcon.colcon_core.shell:create_environment_hook('djitello', 'ament_prefix_path')
[0.242s] INFO:colcon.colcon_core.shell:Creating environment hook '/home/tobia/vsc/tello_swarm/install/djitello/share/djitello/hook/ament_prefix_path.ps1'
[0.243s] INFO:colcon.colcon_core.shell:Creating environment descriptor '/home/tobia/vsc/tello_swarm/install/djitello/share/djitello/hook/ament_prefix_path.dsv'
[0.243s] INFO:colcon.colcon_core.shell:Creating environment hook '/home/tobia/vsc/tello_swarm/install/djitello/share/djitello/hook/ament_prefix_path.sh'
[0.244s] INFO:colcon.colcon_core.shell:Skip shell extension 'powershell' for command environment: Not usable outside of PowerShell
[0.244s] DEBUG:colcon.colcon_core.shell:Skip shell extension 'dsv' for command environment
[0.250s] DEBUG:colcon.colcon_core.event_handler.log_command:Invoking command in '/home/tobia/vsc/tello_swarm/build/custom_msgs': CMAKE_PREFIX_PATH=${CMAKE_PREFIX_PATH}:/home/tobia/vsc/tello_swarm/install/djitello:/opt/ros/jazzy DEBUGINFOD_URLS=https://debuginfod.ubuntu.com /usr/bin/cmake /home/tobia/vsc/tello_swarm/src/custom_msgs -DCMAKE_INSTALL_PREFIX=/home/tobia/vsc/tello_swarm/install/custom_msgs
[0.460s] INFO:colcon.colcon_core.task.python.build:Building Python package in '/home/tobia/vsc/tello_swarm/src/djitello'
[0.460s] INFO:colcon.colcon_core.shell:Skip shell extension 'powershell' for command environment: Not usable outside of PowerShell
[0.460s] DEBUG:colcon.colcon_core.shell:Skip shell extension 'dsv' for command environment
[0.822s] DEBUG:colcon.colcon_core.event_handler.log_command:Invoking command in '/home/tobia/vsc/tello_swarm/src/djitello': DEBUGINFOD_URLS=https://debuginfod.ubuntu.com PYTHONPATH=/home/tobia/vsc/tello_swarm/build/djitello/prefix_override:/usr/lib/python3/dist-packages/colcon_core/task/python/colcon_distutils_commands:/home/tobia/vsc/tello_swarm/install/djitello/lib/python3.12/site-packages:${PYTHONPATH} /usr/bin/python3 -W ignore:setup.py install is deprecated -W ignore:easy_install command is deprecated setup.py egg_info --egg-base ../../build/djitello build --build-base /home/tobia/vsc/tello_swarm/build/djitello/build install --record /home/tobia/vsc/tello_swarm/build/djitello/install.log --single-version-externally-managed install_data
[1.128s] DEBUG:colcon.colcon_core.event_handler.log_command:Invoked command in '/home/tobia/vsc/tello_swarm/src/djitello' returned '0': DEBUGINFOD_URLS=https://debuginfod.ubuntu.com PYTHONPATH=/home/tobia/vsc/tello_swarm/build/djitello/prefix_override:/usr/lib/python3/dist-packages/colcon_core/task/python/colcon_distutils_commands:/home/tobia/vsc/tello_swarm/install/djitello/lib/python3.12/site-packages:${PYTHONPATH} /usr/bin/python3 -W ignore:setup.py install is deprecated -W ignore:easy_install command is deprecated setup.py egg_info --egg-base ../../build/djitello build --build-base /home/tobia/vsc/tello_swarm/build/djitello/build install --record /home/tobia/vsc/tello_swarm/build/djitello/install.log --single-version-externally-managed install_data
[1.129s] Level 1:colcon.colcon_core.environment:checking '/home/tobia/vsc/tello_swarm/install/djitello' for CMake module files
[1.129s] Level 1:colcon.colcon_core.environment:checking '/home/tobia/vsc/tello_swarm/install/djitello' for CMake config files
[1.130s] Level 1:colcon.colcon_core.environment:checking '/home/tobia/vsc/tello_swarm/install/djitello/lib'
[1.130s] Level 1:colcon.colcon_core.environment:checking '/home/tobia/vsc/tello_swarm/install/djitello/bin'
[1.130s] Level 1:colcon.colcon_core.environment:checking '/home/tobia/vsc/tello_swarm/install/djitello/lib/pkgconfig/djitello.pc'
[1.130s] Level 1:colcon.colcon_core.environment:checking '/home/tobia/vsc/tello_swarm/install/djitello/lib/python3.12/site-packages'
[1.130s] Level 1:colcon.colcon_core.shell:create_environment_hook('djitello', 'pythonpath')
[1.130s] INFO:colcon.colcon_core.shell:Creating environment hook '/home/tobia/vsc/tello_swarm/install/djitello/share/djitello/hook/pythonpath.ps1'
[1.131s] INFO:colcon.colcon_core.shell:Creating environment descriptor '/home/tobia/vsc/tello_swarm/install/djitello/share/djitello/hook/pythonpath.dsv'
[1.131s] INFO:colcon.colcon_core.shell:Creating environment hook '/home/tobia/vsc/tello_swarm/install/djitello/share/djitello/hook/pythonpath.sh'
[1.131s] Level 1:colcon.colcon_core.environment:checking '/home/tobia/vsc/tello_swarm/install/djitello/bin'
[1.131s] Level 1:colcon.colcon_core.environment:create_environment_scripts_only(djitello)
[1.131s] INFO:colcon.colcon_core.shell:Creating package script '/home/tobia/vsc/tello_swarm/install/djitello/share/djitello/package.ps1'
[1.132s] INFO:colcon.colcon_core.shell:Creating package descriptor '/home/tobia/vsc/tello_swarm/install/djitello/share/djitello/package.dsv'
[1.132s] INFO:colcon.colcon_core.shell:Creating package script '/home/tobia/vsc/tello_swarm/install/djitello/share/djitello/package.sh'
[1.133s] INFO:colcon.colcon_core.shell:Creating package script '/home/tobia/vsc/tello_swarm/install/djitello/share/djitello/package.bash'
[1.133s] INFO:colcon.colcon_core.shell:Creating package script '/home/tobia/vsc/tello_swarm/install/djitello/share/djitello/package.zsh'
[1.133s] Level 1:colcon.colcon_core.environment:create_file_with_runtime_dependencies(/home/tobia/vsc/tello_swarm/install/djitello/share/colcon-core/packages/djitello)
[3.199s] DEBUG:colcon.colcon_core.event_handler.log_command:Invoked command in '/home/tobia/vsc/tello_swarm/build/custom_msgs' returned '0': CMAKE_PREFIX_PATH=${CMAKE_PREFIX_PATH}:/home/tobia/vsc/tello_swarm/install/djitello:/opt/ros/jazzy DEBUGINFOD_URLS=https://debuginfod.ubuntu.com /usr/bin/cmake /home/tobia/vsc/tello_swarm/src/custom_msgs -DCMAKE_INSTALL_PREFIX=/home/tobia/vsc/tello_swarm/install/custom_msgs
[3.199s] DEBUG:colcon.colcon_core.event_handler.log_command:Invoking command in '/home/tobia/vsc/tello_swarm/build/custom_msgs': CMAKE_PREFIX_PATH=${CMAKE_PREFIX_PATH}:/home/tobia/vsc/tello_swarm/install/djitello:/opt/ros/jazzy DEBUGINFOD_URLS=https://debuginfod.ubuntu.com /usr/bin/cmake --build /home/tobia/vsc/tello_swarm/build/custom_msgs -- -j16 -l16
[5.055s] DEBUG:colcon.colcon_core.event_handler.log_command:Invoked command in '/home/tobia/vsc/tello_swarm/build/custom_msgs' returned '0': CMAKE_PREFIX_PATH=${CMAKE_PREFIX_PATH}:/home/tobia/vsc/tello_swarm/install/djitello:/opt/ros/jazzy DEBUGINFOD_URLS=https://debuginfod.ubuntu.com /usr/bin/cmake --build /home/tobia/vsc/tello_swarm/build/custom_msgs -- -j16 -l16
[5.068s] DEBUG:colcon.colcon_core.event_handler.log_command:Invoking command in '/home/tobia/vsc/tello_swarm/build/custom_msgs': CMAKE_PREFIX_PATH=${CMAKE_PREFIX_PATH}:/home/tobia/vsc/tello_swarm/install/djitello:/opt/ros/jazzy DEBUGINFOD_URLS=https://debuginfod.ubuntu.com /usr/bin/cmake --install /home/tobia/vsc/tello_swarm/build/custom_msgs
[5.127s] Level 1:colcon.colcon_core.environment:create_environment_scripts_only(custom_msgs)
[5.127s] DEBUG:colcon.colcon_core.event_handler.log_command:Invoked command in '/home/tobia/vsc/tello_swarm/build/custom_msgs' returned '0': CMAKE_PREFIX_PATH=${CMAKE_PREFIX_PATH}:/home/tobia/vsc/tello_swarm/install/djitello:/opt/ros/jazzy DEBUGINFOD_URLS=https://debuginfod.ubuntu.com /usr/bin/cmake --install /home/tobia/vsc/tello_swarm/build/custom_msgs
[5.127s] Level 1:colcon.colcon_core.environment:checking '/home/tobia/vsc/tello_swarm/install/custom_msgs' for CMake module files
[5.127s] Level 1:colcon.colcon_core.environment:checking '/home/tobia/vsc/tello_swarm/install/custom_msgs' for CMake config files
[5.127s] Level 1:colcon.colcon_core.shell:create_environment_hook('custom_msgs', 'cmake_prefix_path')
[5.127s] INFO:colcon.colcon_core.shell:Creating environment hook '/home/tobia/vsc/tello_swarm/install/custom_msgs/share/custom_msgs/hook/cmake_prefix_path.ps1'
[5.128s] INFO:colcon.colcon_core.shell:Creating environment descriptor '/home/tobia/vsc/tello_swarm/install/custom_msgs/share/custom_msgs/hook/cmake_prefix_path.dsv'
[5.128s] INFO:colcon.colcon_core.shell:Creating environment hook '/home/tobia/vsc/tello_swarm/install/custom_msgs/share/custom_msgs/hook/cmake_prefix_path.sh'
[5.128s] Level 1:colcon.colcon_core.environment:checking '/home/tobia/vsc/tello_swarm/install/custom_msgs/lib'
[5.128s] Level 1:colcon.colcon_core.shell:create_environment_hook('custom_msgs', 'ld_library_path_lib')
[5.128s] INFO:colcon.colcon_core.shell:Creating environment hook '/home/tobia/vsc/tello_swarm/install/custom_msgs/share/custom_msgs/hook/ld_library_path_lib.ps1'
[5.129s] INFO:colcon.colcon_core.shell:Creating environment descriptor '/home/tobia/vsc/tello_swarm/install/custom_msgs/share/custom_msgs/hook/ld_library_path_lib.dsv'
[5.129s] INFO:colcon.colcon_core.shell:Creating environment hook '/home/tobia/vsc/tello_swarm/install/custom_msgs/share/custom_msgs/hook/ld_library_path_lib.sh'
[5.129s] Level 1:colcon.colcon_core.environment:checking '/home/tobia/vsc/tello_swarm/install/custom_msgs/bin'
[5.129s] Level 1:colcon.colcon_core.environment:checking '/home/tobia/vsc/tello_swarm/install/custom_msgs/lib/pkgconfig/custom_msgs.pc'
[5.129s] Level 1:colcon.colcon_core.environment:checking '/home/tobia/vsc/tello_swarm/install/custom_msgs/lib/python3.12/site-packages'
[5.129s] Level 1:colcon.colcon_core.shell:create_environment_hook('custom_msgs', 'pythonpath')
[5.129s] INFO:colcon.colcon_core.shell:Creating environment hook '/home/tobia/vsc/tello_swarm/install/custom_msgs/share/custom_msgs/hook/pythonpath.ps1'
[5.130s] INFO:colcon.colcon_core.shell:Creating environment descriptor '/home/tobia/vsc/tello_swarm/install/custom_msgs/share/custom_msgs/hook/pythonpath.dsv'
[5.130s] INFO:colcon.colcon_core.shell:Creating environment hook '/home/tobia/vsc/tello_swarm/install/custom_msgs/share/custom_msgs/hook/pythonpath.sh'
[5.130s] Level 1:colcon.colcon_core.environment:checking '/home/tobia/vsc/tello_swarm/install/custom_msgs/bin'
[5.130s] INFO:colcon.colcon_core.shell:Creating package script '/home/tobia/vsc/tello_swarm/install/custom_msgs/share/custom_msgs/package.ps1'
[5.130s] INFO:colcon.colcon_core.shell:Creating package descriptor '/home/tobia/vsc/tello_swarm/install/custom_msgs/share/custom_msgs/package.dsv'
[5.131s] INFO:colcon.colcon_core.shell:Creating package script '/home/tobia/vsc/tello_swarm/install/custom_msgs/share/custom_msgs/package.sh'
[5.131s] INFO:colcon.colcon_core.shell:Creating package script '/home/tobia/vsc/tello_swarm/install/custom_msgs/share/custom_msgs/package.bash'
[5.131s] INFO:colcon.colcon_core.shell:Creating package script '/home/tobia/vsc/tello_swarm/install/custom_msgs/share/custom_msgs/package.zsh'
[5.131s] Level 1:colcon.colcon_core.environment:create_file_with_runtime_dependencies(/home/tobia/vsc/tello_swarm/install/custom_msgs/share/colcon-core/packages/custom_msgs)
[5.131s] Level 1:colcon.colcon_core.environment:create_environment_scripts_only(custom_msgs)
[5.132s] Level 1:colcon.colcon_core.environment:checking '/home/tobia/vsc/tello_swarm/install/custom_msgs' for CMake module files
[5.132s] Level 1:colcon.colcon_core.environment:checking '/home/tobia/vsc/tello_swarm/install/custom_msgs' for CMake config files
[5.132s] Level 1:colcon.colcon_core.shell:create_environment_hook('custom_msgs', 'cmake_prefix_path')
[5.132s] INFO:colcon.colcon_core.shell:Creating environment hook '/home/tobia/vsc/tello_swarm/install/custom_msgs/share/custom_msgs/hook/cmake_prefix_path.ps1'
[5.132s] INFO:colcon.colcon_core.shell:Creating environment descriptor '/home/tobia/vsc/tello_swarm/install/custom_msgs/share/custom_msgs/hook/cmake_prefix_path.dsv'
[5.132s] INFO:colcon.colcon_core.shell:Creating environment hook '/home/tobia/vsc/tello_swarm/install/custom_msgs/share/custom_msgs/hook/cmake_prefix_path.sh'
[5.133s] Level 1:colcon.colcon_core.environment:checking '/home/tobia/vsc/tello_swarm/install/custom_msgs/lib'
[5.133s] Level 1:colcon.colcon_core.shell:create_environment_hook('custom_msgs', 'ld_library_path_lib')
[5.133s] INFO:colcon.colcon_core.shell:Creating environment hook '/home/tobia/vsc/tello_swarm/install/custom_msgs/share/custom_msgs/hook/ld_library_path_lib.ps1'
[5.133s] INFO:colcon.colcon_core.shell:Creating environment descriptor '/home/tobia/vsc/tello_swarm/install/custom_msgs/share/custom_msgs/hook/ld_library_path_lib.dsv'
[5.133s] INFO:colcon.colcon_core.shell:Creating environment hook '/home/tobia/vsc/tello_swarm/install/custom_msgs/share/custom_msgs/hook/ld_library_path_lib.sh'
[5.133s] Level 1:colcon.colcon_core.environment:checking '/home/tobia/vsc/tello_swarm/install/custom_msgs/bin'
[5.134s] Level 1:colcon.colcon_core.environment:checking '/home/tobia/vsc/tello_swarm/install/custom_msgs/lib/pkgconfig/custom_msgs.pc'
[5.134s] Level 1:colcon.colcon_core.environment:checking '/home/tobia/vsc/tello_swarm/install/custom_msgs/lib/python3.12/site-packages'
[5.134s] Level 1:colcon.colcon_core.shell:create_environment_hook('custom_msgs', 'pythonpath')
[5.134s] INFO:colcon.colcon_core.shell:Creating environment hook '/home/tobia/vsc/tello_swarm/install/custom_msgs/share/custom_msgs/hook/pythonpath.ps1'
[5.134s] INFO:colcon.colcon_core.shell:Creating environment descriptor '/home/tobia/vsc/tello_swarm/install/custom_msgs/share/custom_msgs/hook/pythonpath.dsv'
[5.134s] INFO:colcon.colcon_core.shell:Creating environment hook '/home/tobia/vsc/tello_swarm/install/custom_msgs/share/custom_msgs/hook/pythonpath.sh'
[5.134s] Level 1:colcon.colcon_core.environment:checking '/home/tobia/vsc/tello_swarm/install/custom_msgs/bin'
[5.135s] INFO:colcon.colcon_core.shell:Creating package script '/home/tobia/vsc/tello_swarm/install/custom_msgs/share/custom_msgs/package.ps1'
[5.135s] INFO:colcon.colcon_core.shell:Creating package descriptor '/home/tobia/vsc/tello_swarm/install/custom_msgs/share/custom_msgs/package.dsv'
[5.135s] INFO:colcon.colcon_core.shell:Creating package script '/home/tobia/vsc/tello_swarm/install/custom_msgs/share/custom_msgs/package.sh'
[5.135s] INFO:colcon.colcon_core.shell:Creating package script '/home/tobia/vsc/tello_swarm/install/custom_msgs/share/custom_msgs/package.bash'
[5.136s] INFO:colcon.colcon_core.shell:Creating package script '/home/tobia/vsc/tello_swarm/install/custom_msgs/share/custom_msgs/package.zsh'
[5.136s] Level 1:colcon.colcon_core.environment:create_file_with_runtime_dependencies(/home/tobia/vsc/tello_swarm/install/custom_msgs/share/colcon-core/packages/custom_msgs)
[5.136s] DEBUG:colcon.colcon_parallel_executor.executor.parallel:closing loop
[5.136s] DEBUG:colcon.colcon_parallel_executor.executor.parallel:loop closed
[5.136s] DEBUG:colcon.colcon_parallel_executor.executor.parallel:run_until_complete finished with '0'
[5.136s] DEBUG:colcon.colcon_core.event_reactor:joining thread
[5.140s] INFO:colcon.colcon_core.plugin_system:Skipping extension 'colcon_notification.desktop_notification.terminal_notifier': Not used on non-Darwin systems
[5.140s] INFO:colcon.colcon_core.plugin_system:Skipping extension 'colcon_notification.desktop_notification.win32': Not used on non-Windows systems
[5.140s] INFO:colcon.colcon_notification.desktop_notification:Sending desktop notification using 'notify2'
[5.149s] DEBUG:colcon.colcon_core.event_reactor:joined thread
[5.149s] INFO:colcon.colcon_core.shell:Creating prefix script '/home/tobia/vsc/tello_swarm/install/local_setup.ps1'
[5.150s] INFO:colcon.colcon_core.shell:Creating prefix util module '/home/tobia/vsc/tello_swarm/install/_local_setup_util_ps1.py'
[5.150s] INFO:colcon.colcon_core.shell:Creating prefix chain script '/home/tobia/vsc/tello_swarm/install/setup.ps1'
[5.151s] INFO:colcon.colcon_core.shell:Creating prefix script '/home/tobia/vsc/tello_swarm/install/local_setup.sh'
[5.151s] INFO:colcon.colcon_core.shell:Creating prefix util module '/home/tobia/vsc/tello_swarm/install/_local_setup_util_sh.py'
[5.152s] INFO:colcon.colcon_core.shell:Creating prefix chain script '/home/tobia/vsc/tello_swarm/install/setup.sh'
[5.152s] INFO:colcon.colcon_core.shell:Creating prefix script '/home/tobia/vsc/tello_swarm/install/local_setup.bash'
[5.152s] INFO:colcon.colcon_core.shell:Creating prefix chain script '/home/tobia/vsc/tello_swarm/install/setup.bash'
[5.153s] INFO:colcon.colcon_core.shell:Creating prefix script '/home/tobia/vsc/tello_swarm/install/local_setup.zsh'
[5.153s] INFO:colcon.colcon_core.shell:Creating prefix chain script '/home/tobia/vsc/tello_swarm/install/setup.zsh'
